[   .00000 Initializing cgroup subsys cpuset
[    0.000000] Initializing cgroup subsys cpu
[    0.000000] Initializing cgroup subsys cpuacct
[    0.000000] Linux version 4.4.0-170-generic (buildd@lcy01-amd64019) (gcc version 5.4.0 20160609 (Ubuntu 5.4.0-6ubuntu1~16.04.112) ) #199-Ubuntu SMP Thu Nov4 1:45:04 UTC 2019 (Ubuntu 4.4.0-170.9-eneric 4.4.200)
[  0.0000] Commanline: BOOT_IMAGE=/boot/vmlinuz-4.4.0-170-generic root=LABEL=cloudimgootfso conle=tty1 coole=ttyS0
[    0.000000] KERNEL supported cpus:
[    0.000000]  Itel GeineIntl
[    0.0000]   AMD AuthenticAMD
[  0.0000]  entaur CtaurHauls
[    0.000000] x86/fpu: xstate_offset[2]:  576, xstate_sizes[2]:  256
[    0.000000] x86/fpu: Supporting XSAVE feature 0x01: 'x87 floating point registers'
[    0.000000] x86/fpu: Supporting XSAVE feature 0x02: 'SSE registers'
[    0.000000] x86/fpu: Supporting XSAVE feature 0x04: 'AVX registers'
[    0.000000] x86/fpu: Enabled xstate features 0x7, context size is 832 bytes, using 'standard' format.
[    0.000000] e820: BIOS-provided physical RAM map:
[    0.000000] BIOS-e820: [mem 0x0000000000000000-0x000000000009fbff] usable
[    0.000000] BIOS-e820: [mem 0x000000000009fc00-0x000000000009ffff] reserved
[    0.000000] BIOS-e820: [mem 0x00000000000f0000-0x00000000000fffff] reserved
[   0.000000] BIOS-e820: [memx0000000000100000-0x000000003ffeffff] usable
[    0.000000] BIOS-e820: [mem 0x000000003fff0000-0x000000003fffffff] ACPI data
[    0.000000] BIOS-e820: [mem 0x00000000fec00000-0x00000000fec00fff] reserved
[    0.000000] BIOS-e820: [mem 0x00000000fee00000-0x00000000fee00fff] reserved
[    0.000000] BIOS-e820: [mem 0x00000000fffc0000-0x00000000ffffffff] reserved
[  0.000000] NX (Execute Disable) protection: active
[    0.000000] SMBIOS 2.5 present.
[    0.000000] Hypervisor detected: KVM
[    0.000000] e820: last_pfn = 0x3fff0 max_arch_pfn = 0x400000000
[    0.000000] MTRR: Disabled
[    0.000000] x86/PAT: MTRRs disabled, skipping PAT initialization too.
[    0.000000] CPU MTRRs all blank - virtualized system.
[    0.000000] x86/PAT: Configuration [0-7]: WB  WT  UC- UC  WB  WT  UC- UC  
[    0.000000] found SMP MP-table at [mem 0x0009fff0-0x0009ffff] mapped at [ffff88000009fff0]
[    0.000000] Scanning 1 areas for low memory corruption
[    0.000000] RAMDISK: [mem 0x362f4000-0x37171fff]
[    0.000000] ACPI: Early table checksum verification disabled
[    0.000000] ACPI: RSDP 0x00000000000E0000 000024 (v02 VBOX  )
[    0.000000] ACPI: XSDT 0x000000003FFF0030 00003C (v01 VBOX   VBOXXSDT 00000001 ASL  00000061)
[    0.000000] ACPI: FAC 0x000000003FFF00F0 0000F4 (v04 VBOX   VBOXFACP 00000001 ASL  00000061)
[    0.000000] ACPI: DSDT 0x000000003FFF0470 0021FF (v02 VBOX   VBOXBIOS 00000002 INTL 20100528)
[    0.000000] ACPI: FACS 0x000000003FFF0200 000040
[    0.000000] ACPI: FACS 0x000000003FFF0200 000040
[    0.000000] ACPI: APIC 0x000000003FFF0240 00005C (v02 VBOX   VBOXAPIC 00000001 ASL  00000061)
[   0.000000] ACPI: SSDT 0x000000003FFF02A0 0001CC (v01 VBOX   VBOXCPUT 00000002 INTL 20100528)
[    0.000000] No NUMA configuration found
[    0.000000] Faking a node at [mem 0x0000000000000000-0x000000003ffeffff]
[    0.000000] NODE_DATA(0) allocated [mem 0x3ffeb000-0x3ffeffff]
[    0.000000] kvm-clock: Using msrs 4b564d01 and 4b564d00
[    0.000000] kvm-clock: cpu 0, msr 0:3ffe3001, primary cpu clock
[    0.000000] kvm-clock: using sched offset of 4104462632 cycles
[    0.000000] clocksource: kvm-clock: mask: 0xffffffffffffffff max_cycles: 0x1cd42e4dffb, max_idle_ns: 881590591483 ns
[    0.000000] Zone ranges:
[    0.000000]   DMA      [mem 0x0000000000001000-0x0000000000ffffff]
[    0.000000]   DMA32    [mem 0x0000000001000000-0x000000003ffeffff]
[    0.000000]   Normal   empty
[    0.000000]   Device   empty
[    0.000000] Movable zone start for each node
[    0.000000] Early memory node ranges
[    0.000000]   node   0: [mem 0x0000000000001000-0x000000000009efff]
[    0.000000]   node   0: [mem 0x0000000000100000-0x000000003ffeffff]
[    0.000000] Initmem setup node 0 [mem 0x0000000000001000-0x000000003ffeffff]
[    0.000000] ACPI: PM-Timer IO Port: 0x4008
[    0.000000] IOAPIC[0]: apic_id 2, version 32, address 0xfec00000, GSI 0-23
[    0.000000] ACPI: INT_SRC_OVR (bus 0 bus_irq 0 global_irq 2 dfl dfl)
[    0.000000] ACPI: INT_SRC_OVR (bus 0 bus_irq 9 global_irq 9 low level)
[    0.000000] Using ACPI (MADT) for SMP configuration information
[    0.000000] smpboot: Allowing 2 CPUs, 0 hotplug CPUs
[    0.000000] PM: Registered nosave memory: [mem 0x00000000-0x00000fff]
[    0.000000] PM: Registered nosave memory: [mem 0x0009f000-0x0009ffff]
[    0.000000] PM: Registered nosave memory: [mem 0x000a0000-0x000effff]
[    0.000000] PM: Registered nosave memory: [mem 0x000f0000-0x000fffff]
[    0.000000] e820: [mem 0x40000000-0xfebfffff] available for PCI devices
[    0.000000] Booting paravirtualized kernel on KVM
[    0.000000] clocksource: refined-jiffies: mask: 0xffffffff max_cycles: 0xffffffff, max_idle_ns: 7645519600211568 ns
[    0.000000] setup_percpu: NR_CPUS:512 nr_cpumask_bits:512 nr_cpu_ids:2 nr_node_ids:1
[    0.000000] PERCPU: Embedded 33 pages/cpu @ffff88003fc00000 s95448 r8192 d31528 u1048576
[    0.000000] Built 1 zonelists in Node order, mobility grouping on.  Total pages: 257912
[    0.000000] Policy zone: DMA32
[    0.000000] Kernel command line: BOOT_IMAGE=/boot/vmlinuz-4.4.0-170-generic root=LABEL=cloudimg-rootfs ro console=tty1 console=ttyS0
[    0.000000] PID hash table entries: 4096 (order: 3, 32768 bytes)
[    0.000000] Memory: 997716K/1048120K available (8626K kernel code, 1336K rwdata, 4036K rodata, 1488K init, 1288K bss, 50404K reserved, 0K cma-reserved)
[    0.000000] SLUB: HWalign=64, Order=0-3, MinObjects=0, CPUs=2, Nodes=1
[    0.000000] Kernel/User page tables isolation: enabled
[    0.000000] Hierarchical RCU implementation.
[    0.000000] 	Build-time adjustment of leaf fanout to 64.
[    0.000000] 	RCU restricting CPUs from NR_CPUS=512 to nr_cpu_ids=2.
   0.000000] RCU: Adjusting geometry for rcu_fanout_leaf=64, nr_cpu_ids=2
[  0.00000] NIRQS:330 nr_is:440 
[    000000] Csole:olur V+ 0x25
[  .00000 cnsole [tt] eabled
[   .0000] console [ttyS0] enabled
[    0.000000] tsc: Detected 2712.000 MHz processor
[    2.291090] Calibrating delay loop (skipped) preset value.. 5424.00 BogoMIPS (lpj=10848000)
[    2.370181] pid_max: default: 32768 minimum: 301
[    2.371280] ACPI: Core revision 20150930
[    2.373200] ACPI: 2 ACPI AML tables successfully acquired and loaded
[    2.374632] Security Framework initialized
[    2.381742] Yama: becoming mindful.
[    2.382684] AppArmor: AppArmor initialized
[    2.390479] Dentry cache hash table entries: 131072 (order: 8, 1048576 bytes)
[    2.409115] Inode-cache hash table entries: 65536 (order: 7, 524288 bytes)
[    2.421451] Mount-cache hash table entries: 2048 (order: 2, 16384 bytes)
[    2.498168] Mountpoint-cache hash table entries: 2048 (order: 2, 16384 bytes)
[    2.530417] Initializing cgroup subsys io
[    2.551520] Initializing cgroup subsys memory
[    2.592420] Initializing cgroup subsys devices
[    2.677866] Initializing cgroup subsys freezer
[    2.707513] Initializing cgroup subsys net_cls
[    2.750040] Initializing cgroup subsys perf_event
[    2.821380] Initializing cgroup subsys net_prio
[    2.861430] Initializing cgroup subsys hugetlb
[    2.897841] Initializing cgroup subsys pids
[    2.907401] mce: CPU supports 0 MCE banks
[    2.949543] Last level iTLB entries: 4KB 64, 2MB 8, 4MB 8
[    2.995577] Last level dTLB entries: 4KB 64, 2MB 0, 4MB 0, 1GB 4
[    3.086858] Spectre V1 : Mitigation: usercopy/swapgs barriers and __user pointer sanitization
[    3.163667] Spectre V2 : Mitigation: Full generic retpoline
[    3.202338] Spectre V2 : Spectre v2 / SpectreRSB mitigation: Filling RSB on context switch
[    3.375164] Speculative Store Bypass: Vulnerable
[    3.415134] MDS: Vulnerable: Clear CPU buffers attempted, no microcode
[    3.452557] Freeing SMP alternatives memory: 36K
[    3.460175] ftrace: allocating 32302 entries in 127 pages
[    3.544655] smpboot: APIC(0) Converting physical 0 to logical package 0
[    3.623212] smpboot: Max logical packages: 1
[    3.648659] x2apic enabled
[    3.670017] Switched APIC routing to physical x2apic.
[    3.716504] ..TIMER: vector=0x30 apic1=0 pin1=2 apic2=-1 pin2=-1
[    3.906683] smpboot: CPU0: Intel(R) Core(TM) i5-7200U CPU @ 2.50GHz (family: 0x6, model: 0x8e, stepping: 0x9)
[    4.025223] Performance Events: unsupported p6 CPU model 142 no PMU driver, software events only.
[    4.136092] KVM setup paravirtual spinlock
[    4.154354] x86: Booting SMP configuration:
[    4.181838] .... node  #0, CPUs:      #1
[    4.202588] kvm-clock: cpu 1, msr 0:3ffe3041, secondary cpu clock
[    4.205422] mce: CPU supports 0 MCE banks
[    4.208194] x86: Booted up 1 node, 2 CPUs
[    4.229904] smpboot: Total of 2 processors activated (10848.00 BogoMIPS)
[    4.310990] devtmpfs: initialized
[    4.339550] evm: security.selinux
[    4.366771] evm: security.SMACK64
[    4.385637] evm: security.SMACK64EXEC
[    4.396483] evm: security.SMACK64TRANSMUTE
[    4.468258] evm: security.SMACK64MMAP
[    4.475637] evm: security.ima
[    4.495668] evm: security.capability
[    4.504261] clocksource: jiffies: mask: 0xffffffff max_cycles: 0xffffffff, max_idle_ns: 7645041785100000 ns
[    4.554621] futex hash table entries: 512 (order: 3, 32768 bytes)
[    4.559193] pinctrl core: initialized pinctrl subsystem
[    4.560532] RTC time: 22:13:53, date: 01/05/20
[    4.561835] NET: Registered protocol family 16
[    4.573247] cpuidle: using governor ladder
[    4.586208] cpuidle: using governor menu
[    4.594050] PCCT header not found.
[    4.595364] ACPI: bus type PCI registered
[    4.596701] acpiphp: ACPI Hot Plug PCI Controller Driver version: 0.5
[    4.598688] PCI: Using configuration type 1 for base access
[    4.667963] ACPI: Added _OSI(Module Device)
[    4.675677] ACPI: Added _OSI(Processor Device)
[    4.753469] ACPI: Added _OSI(3.0 _SCP Extensions)
[    4.802111] ACPI: Added _OSI(Processor Aggregator Device)
[    4.839004] ACPI: Executed 1 blocks of module-level executable AML code
[    4.902854] ACPI: Interpreter enabled
[    4.933708] ACPI: (supports S0 S5)
[    4.995830] ACPI: Using IOAPIC for interrupt routing
[    5.057660] PCI: Using host bridge windows from ACPI; if necessary, use "pci=nocrs" and report a bug
[    5.162527] ACPI: PCI Root Bridge [PCI0] (domain 0000 [bus 00-ff])
[    5.272822] acpi PNP0A03:00: _OSC: OS supports [ASPM ClockPM Segments MSI]
[    5.281527] acpi PNP0A03:00: _OSC: not requesting OS control; OS requires [ExtendedConfig ASPM ClockPM MSI]
[    5.308656] acpi PNP0A03:00: fail to add MMCONFIG information, can't access extended PCI configuration space under this bridge.
[    5.318056] PCI host bridge to bus 0000:00
[    5.318902] pci_bus 0000:00: root bus resource [io  0x0000-0x0cf7 window]
[    5.320433] pci_bus 0000:00: root bus resource [io  0x0d00-0xffff window]
[    5.404283] pci_bus 0000:00: root bus resource [mem 0x000a0000-0x000bffff window]
[    5.440461] pci_bus 0000:00: root bus resource [mem 0x40000000-0xfdffffff window]
[    5.442762] pci_bus 0000:00: root bus resource [bus 00-ff]
[    5.446491] pci 0000:00:01.1: legacy IDE quirk: reg 0x10: [io  0x01f0-0x01f7]
[    5.448002] pci 0000:00:01.1: legacy IDE quirk: reg 0x14: [io  0x03f6]
[    5.449244] pci 0000:00:01.1: legacy IDE quirk: reg 0x18: [io  0x0170-0x0177]
[    5.450594] pci 0000:00:01.1: legacy IDE quirk: reg 0x1c: [io  0x0376]
[    5.490444] pci 0000:00:07.0: quirk: [io  0x4000-0x403f] claimed by PIIX4 ACPI
[    5.493640] pci 0000:00:07.0: quirk: [io  0x4100-0x410f] claimed by PIIX4 SMB
[    5.573328] ACPI: PCI Interrupt Link [LNKA] (IRQs 5 9 10 *11)
[    5.639174] ACPI: PCI Interrupt Link [LNKB] (IRQs 5 9 *10 11)
[    5.640849] ACPI: PCI Interrupt Link [LNKC] (IRQs 5 *9 10 11)
[    5.649306] ACPI: PCI Interrupt Link [LNKD] (IRQs 5 9 10 *11)
[    5.651351] ACPI: Enabled 2 GPEs in block 00 to 07
[    5.652951] vgaarb: setting as boot device: PCI:0000:00:02.0
[    5.654423] vgaarb: device added: PCI:0000:00:02.0,decodes=io+mem,owns=io+mem,locks=none
[    5.656656] vgaarb: loaded
[    5.657637] vgaarb: bridge control possible 0000:00:02.0
[    5.677711] SCSI subsystem initialized
[    5.678981] ACPI: bus type USB registered
[    5.680096] usbcore: registered new interface driver usbfs
[    5.681573] usbcore: registered new interface driver hub
[    5.683095] usbcore: registered new device driver usb
[    5.684499] PCI: Using ACPI for IRQ routing
[    5.686019] NetLabel: Initializing
[    5.687105] NetLabel:  domain hash size = 128
[    5.688080] NetLabel:  protocols = UNLABELED CIPSOv4
[    5.689192] NetLabel:  unlabeled traffic allowed by default
[    5.690524] amd_nb: Cannot enumerate AMD northbridges
[    5.691762] clocksource: Switched to clocksource kvm-clock
[  5.787772] AArr:ppmoFilesystem Enabled
[    6.223186] pnp: PnP ACPI ini
[  6.305305] pnp: PnP ACPI: found 3 devices
[  6.394205] clocksource: acpi_pm: mask: 0xffffff max_cycles: 0xffffff, max_idle_ns: 2085701024 ns
[    6.459847] NET: Registered protocol family 2

[    6.461090] TCP established hash table entries: 8192 (order: 4, 65536 bytes)
[    6.462764] TCP bind hash table entries: 8192 (order: 5, 131072 bytes)
[    6.464182] TCP: Hash tables configured (established 8192 bind 8192)
[    6.465476] UDP hash table entries: 512 (order: 2, 16384 bytes)
[    6.466650] UDP-Lite hash table entries: 512 (order: 2, 16384 bytes)
[    6.467901] NET: Registered protocol family 1
[    6.468842] pci 0000:00:00.0: Limiting direct PCI/PCI transfers
[    6.469948] pci 0000:00:01.0: Activating ISA DMA hang workarounds
[    6.471220] Unpacking initramfs...
[    6.971498] Freeing initrd memory: 14840K
[    7.027878] clocksource: tsc: mask: 0xffffffffffffffff max_cycles: 0x2717868ea45, max_idle_ns: 440795316085 ns
[    7.054177] platform rtc_cmos: registered platform RTC device (no PNP device found)
[    7.056052] Scanning for low memory corruption every 60 seconds
[    7.057707] audit: initializing netlink subsys (disabled)
[    7.067490] audit: type=2000 audit(1578262436.847:1): initialized
[    7.144085] Initialise system trusted keyring
[    7.177762] HugeTLB registered 2 MB page size, pre-allocated 0 pages
[    7.201902] zbud: loaded
[    7.225186] VFS: Disk quotas dquot_6.6.0
[    7.269213] VFS: Dquot-cache hash table entries: 512 (order 0, 4096 bytes)
[    7.309235] squashfs: version 4.0 (2009/01/31) Phillip Lougher
[    7.354396] fuse init (API version 7.23)
[    7.355711] Key type big_k risre

[    7.629495] Allocating IMA MOKndlalist keyrings.

[    7.838101] Key type asymmetric registered
[    7.839041] Asymmetric key parser 'x509' registered
[    7.840119] Block layer SCSI generic (bsg) driver version 0.4 loaded (major 249)
[    7.841929] io scheduler noop registered
[    7.842835] io scheduler deadline registered (default)
[    7.843931] io scheduler cfq registered
[    7.844942] pci_hotplug: PCI Hot Plug PCI Core version: 0.5
[    7.846100] pciehp: PCI Express Hot Plug Controller Driver version: 0.4
[    7.847558] ACPI: AC Adapter [AC] (off-line)
[    7.868674] input: Power Button as /devices/LNXSYSTM:00/LNXPWRBN:00/input/input0
[    7.912715] ACPI: Power Button [PWRF]
[    7.913738] input: Sleep Button as /devices/LNXSYSTM:00/LNXSLPBN:00/input/input1
[    7.915524] ACPI: Sleep Button [SLPF]
[    7.916675] GHES: HEST is not enabled!
[    7.917542] ACPI: Battery Slot [BAT0] (battery present)
[    7.919031] Serial: 8250/16550 driver, 32 ports, IRQ sharing enabled
[    7.956967] 00:02: ttyS0 at I/O 0x3f8 (irq = 4, base_baud = 115200) is a 16550A
[    8.039577] Linux agpgart interface v0.103
[    8.079967] loop: module loaded
[    8.117018] scsi host0: ata_piix
[    8.142469] scsi host1: ata_piix
[    8.188505] ata1: PATA max UDMA/33 cmd 0x1f0 ctl 0x3f6 bmdma 0xd000 irq 14
[    8.224532] ata2: PATA max UDMA/33 cmd 0x170 ctl 0x376 bmdma 0xd008 irq 15
[    8.319088] libp: xeMDIO Bus: probed
[     8.76] n:nirsl TUN/TAP devi div, 6
[[    9.120364] tun: (C) 1999-2004 Max Krasnyansky <maxk@qualcomm.com>
[    9.171251] PPP generic driver version 2.4.2
[    9.179872] ehci_hcd: USB 2.0 'Enhanced' Host Controller (EHCI) Driver
[    9.186418] ehci-pci: EHCI PCI platform driver
[    9.188854] ehci-platform: EHCI generic platform driver
[    9.197023] ohci_hcd: USB 1.1 'Open' Host Controller (OHCI) Driver
[    9.198486] ohci-pci: OHCI PCI platform driver
[    9.199725] ohci-platform: OHCI generic platform driver
[    9.207007] uhci_hcd: USB Universal Host Controller Interface driver
[    9.208467] i8042: PNP: PS/2 Controller [PNP0303:PS2K,PNP0f03:PS2M] at 0x60,0x64 irq 1,12
[    9.210794] serio: i8042 KBD port at 0x60,0x64 irq 1
[    9.238023] serio: i8042 AUX port at 0x60,0x64 irq 12
[    9.267587] mousedev: PS/2 mouse device common for all mice
[    9.284788] rtc_cmos rtc_cmos: rtc core: registered rtc_cmos as rtc0
[    9.298224] rtc_cmos rtc_cmos: alarms up to one day, 114 bytes nvram
[    9.340453] input: AT Translated Set 2 keyboard as /devices/platform/i8042/serio0/input/input2
[    9.359578] i2c /dev entries driver
[    9.367254] device-mapper: uevent: version 1.0.3
[    9.405989] device-mapper: ioctl: 4.34.0-ioctl (2015-10-28) initialised: dm-devel@redhat.com
[    9.415053] ledtrig-cpu: registered to indicate activity on CPUs
[    9.426161] NET: Registered protocol family 10
[    9.471339] NET: Registered protocol family 17
[    9.513439] Key type dns_resolver registered
[    9.540738] registered taskstats version 1
[    9.544352] Loading compiled-in X.509 certificates
[    9.556958] Loaded X.509 cert 'Build time autogenerated kernel key: f0e56e97f406068ace47a9bf54316e9855aaaa43'
[    9.609970] zswap: loaded using pool lzo/zbud
[    9.628354] Key type trusted registered
[    9.640305] Key type encrypted registered
[    9.706378] AppArmor: AppArmor sha1 policy hashing enabled
[    9.715417] ima: No TPM chip found, activating TPM-bypass!
[    9.723759] ima: Allocated hash algorithm: sha1
[    9.753524] evm: HMAC attrs: 0x1
[    9.762268]   Magic number: 4:845:248
[    9.777563] rtc_cmos rtc_cmos: setting system clock to 2020-01-05 22:13:58 UTC (1578262438)
[    9.786766] BIOS EDD facility v0.16 2004-Jun-25, 0 devices found
[    9.802309] EDD information not available.
[    9.819401] Freeing unused kernel memory: 1488K
[    9.828408] Write protecting the kernel read-only data: 14336k
[    9.837010] Freeing unused kernel memory: 1604K
[    9.856043] Freeing unused kernel memory: 60K
Loading, please wait...
starting version 229[    9.911764] random: systemd-udevd: uninitialized urandom read (16 bytes read, 5 bits of entropy available)

[    9.912583] random: udevadm: uninitialized urandom read (16 bytes read, 5 bits of entropy available)
[    9.912609] random: udevadm: uninitialized urandom read (16 bytes read, 5 bits of entropy available)
[    9.922653] random: udevadm: uninitialized urandom read (16 bytes read, 5 bits of entropy available)
[    9.922745] random: udevadm: uninitialized urandom read (16 bytes read, 5 bits of entropy available)
[    9.922929] random: udevadm: uninitialized urandom read (16 bytes read, 5 bits of entropy available)
[    9.922979] random: udevadm: uninitialized urandom read (16 bytes read, 5 bits of entropy available)
[    9.923022] random: udevadm: uninitialized urandom read (16 bytes read, 5 bits of entropy available)
[    9.923066] random: udevadm: uninitialized urandom read (16 bytes read, 5 bits of entropy available)
[    9.923106] random: udevadm: uninitialized urandom read (16 bytes read, 5 bits of entropy available)
[   10.090693] e1000: Intel(R) PRO/1000 Network Driver - version 7.3.21-k8-NAPI
[   10.099017] e1000: Copyright (c) 1999-2006 Intel Corporation.
[   10.103964] Fusion MPT base driver 3.04.20
[   10.105185] Copyright (c) 1999-2008 LSI Corporation
[   10.118338] Fusion MPT SPI Host driver 3.04.20
[   10.143413] AVX2 version of gcm_enc/dec engaged.
[   10.151119] AES CTR mode by8 optimization enabled
[   10.321378] input: ImExPS/2 Generic Explorer Mouse as /devices/platform/i8042/serio1/input/input4
[   10.516115] e1000 0000:00:03.0 eth0: (PCI:33MHz:32-bit) 02:4f:25:6a:cc:77
[   10.525300] e1000 0000:00:03.0 eth0: Intel(R) PRO/1000 Network Connection
[   10.592172] mptbase: ioc0: Initiating bringup
[   10.698630] ioc0: LSI53C1030 A0: Capabilities={Initiator}
[   11.935155] scsi host2: ioc0: LSI53C1030 A0, FwRev=00000000h, Ports=1, MaxQ=256, IRQ=20
[   13.869267] scsi 2:0:0:0: Direct-Access     VBOX     HARDDISK         1.0  PQ: 0 ANSI: 5
[   13.894255] scsi target2:0:0: Beginning Domain Validation
[   13.920655] scsi target2:0:0: Domain Validation skipping write tests
[   13.923061] scsi target2:0:0: Ending Domain Validation
[   13.925213] scsi target2:0:0: asynchronous
[   13.932171] scsi 2:0:1:0: Direct-Access     VBOX     HARDDISK         1.0  PQ: 0 ANSI: 5
[   13.935606] scsi target2:0:1: Beginning Domain Validation
[   13.941527] scsi target2:0:1: Domain Validation skipping write tests
[   13.954561] scsi target2:0:1: Ending Domain Validation
[   13.968309] scsi target2:0:1: asynchronous
[   13.985446] sd 2:0:0:0: Attached scsi generic sg0 type 0
[   14.014147] sd 2:0:0:0: [sda] 20971520 512-byte logical blocks: (10.7 GB/10.0 GiB)
[   14.028096] sd 2:0:0:0: [sda] Write Protect is off
[   14.035174] sd 2:0:1:0: Attached scsi generic sg1 type 0
[   14.036967] sd 2:0:0:0: [sda] Incomplete mode parameter data
[   14.038310] sd 2:0:0:0: [sda] Assuming drive cache: write through
[   14.061050] sd 2:0:1:0: [sdb] 20480 512-byte logical blocks: (10.5 MB/10.0 MiB)
[   14.063115] sd 2:0:1:0: [sdb] Write Protect is off
[   14.075430] sd 2:0:1:0: [sdb] Incomplete mode parameter data
[   14.076948] sd 2:0:1:0: [sdb] Assuming drive cache: write through
[   14.081890]  sda: sda1
[   14.083893] sd 2:0:0:0: [sda] Attached SCSI disk
[   14.086239] sd 2:0:1:0: [sdb] Attached SCSI disk
[   14.300015] e1000 0000:00:08.0 eth1: (PCI:33MHz:32-bit) 08:00:27:e6:19:62
[   14.329686] e1000 0000:00:08.0 eth1: Intel(R) PRO/1000 Network Connection
[   14.361857] e1000 0000:00:08.0 enp0s8: renamed from eth1
[   14.384261] e1000 0000:00:03.0 enp0s3: renamed from eth0
Begin: Loading e[   15.868616] md: linear personality registered for level -1
ssential drivers ... [   15.895426] md: multipath personality registered for level -4
[   15.900195] md: raid0 personality registered for level 0
[   15.906262] md: raid1 personality registered for level 1
[   15.988220] raid6: sse2x1   gen()  6432 MB/s
[   16.056051] raid6: sse2x1   xor()  5806 MB/s
[   16.123884] raid6: sse2x2   gen()  7935 MB/s
[   16.228241] raid6: sse2x2   xor()  5148 MB/s
[   16.296657] raid6: sse2x4   gen()  6718 MB/s
[   16.382460] raid6: sse2x4   xor()  5219 MB/s
[   16.447862] raid6: avx2x1   gen()  9575 MB/s
[   16.516180] raid6: avx2x2   gen() 10629 MB/s
[   16.591851] raid6: avx2x4   gen() 16600 MB/s
[   16.666058] raid6: using algorithm avx2x4 gen() 16600 MB/s
[   16.713346] raid6: using avx2x2 recovery algorithm
[   16.755237] xor: automatically using best checksumming function:
[   16.799825]    avx       : 16285.000 MB/sec
[   16.815167] async_tx: api initialized (async)
[   16.828120] md: raid6 personality registered for level 6
[   16.841036] md: raid5 personality registered for level 5
[   16.842125] md: raid4 personality registered for level 4
[   16.851139] md: raid10 personality registered for level 10
done.
Begin: Running /scripts/init-premount ... done.
Begin: Mounting root file system ... Begin: Running /scripts/local-top ... done.
Begin: Running /scripts/local-premount ... [   16.891845] Btrfs loaded
Scanning for Btrfs filesystems
done.
Warning: fsck no[   16.936348] EXT4-fs (sda1): mounted filesystem with ordered data mode. Opts: (null)
t present, so skipping root file system
done.
Begin: Running /scripts/local-bottom ... done.
Begin: Running /scripts/init-bottom ... done.
[   17.134864] systemd[1]: systemd 229 running in system mode. (+PAM +AUDIT +SELINUX +IMA +APPARMOR +SMACK +SYSVINIT +UTMP +LIBCRYPTSETUP +GCRYPT +GNUTLS +ACL +XZ -LZ4 +SECCOMP +BLKID +ELFUTILS +KMOD -IDN)
[   17.230388] systemd[1]: Detected virtualization oracle.
[   17.302040] systemd[1]: Detected architecture x86-64.

Welcome to [1mUbuntu 16.04.6 LTS[0m!

[   17.369470] systemd[1]: Set hostname to <ubuntu>.
[   17.398793] systemd[1]: Initializing machine ID from random generator.
[   17.459387] systemd[1]: Installed transient /etc/machine-id file.
[   17.743607] systemd[1]: Listening on Journal Socket.
[[0;32m  OK  [0m] Listening on Journal Socket.
[   17.797372] systemd[1]: Listening on LVM2 poll daemon socket.
[[0;32m  OK  [0m] Listening on LVM2 poll daemon socket.
[   17.914455] systemd[1]: Started Forward Password Requests to Wall Directory Watch.
[[0;32m  OK  [0m] Started Forward Password Requests to Wall Directory Watch.
[   17.930807] systemd[1]: Started Trigger resolvconf update for networkd DNS.
[[0;32m  OK  [0m] Started Trigger resolvconf update for networkd DNS.
[   17.948045] systemd[1]: Listening on Journal Audit Socket.
[[0;32m  OK  [0m] Listening on Journal Audit Socket.
[   17.950364] systemd[1]: Reached target Swap.
[[0;32m  OK  [0m] Reached target Swap.
[   17.959924] systemd[1]: Set up automount Arbitrary Executable File Formats File System Automount Point.
[[0;32m  OK  [0m] Set up automount Arbitrary Executab...ats File System Automount Point.
[   18.068897] systemd[1]: Listening on Journal Socket (/dev/log).
[[0;32m  OK  [0m] Listening on Journal Socket (/dev/log).
[   18.088204] systemd[1]: Reached target System Time Synchronized.
[[0;32m  OK  [0m] Reached target System Time Synchronized.
[   18.145305] systemd[1]: Reached target User and Group Name Lookups.
[[0;32m  OK  [0m] Reached target User and Group Name Lookups.
[   18.222445] systemd[1]: Listening on /dev/initctl Compatibility Named Pipe.
[[0;32m  OK  [0m] Listening on /dev/initctl Compatibility Named Pipe.
[   18.297214] systemd[1]: Listening on udev Control Socket.
[[0;32m  OK  [0m] Listening on udev Control Socket.
[   18.408210] systemd[1]: Reached target Encrypted Volumes.
[[0;32m  OK  [0m] Reached target Encrypted Volumes.
[   18.449752] systemd[1]: Listening on Device-mapper event daemon FIFOs.
[[0;32m  OK  [0m] Listening on Device-mapper event daemon FIFOs.
[   18.477013] systemd[1]: Created slice System Slice.
[[0;32m  OK  [0m] Created slice System Slice.
[   18.548356] systemd[1]: Starting Remount Root and Kernel File Systems...
[   18.556770] random: nonblocking pool is initialized
[   18.574112] EXT4-fs (sda1): re-mounted. Opts: (null)
         Starting Remount Root and Kernel File Systems...
[   18.696963] systemd[1]: Mounting POSIX Message Queue File System...
         Mounting POSIX Message Queue File System...
[   18.764375] systemd[1]: Starting Create list of required static device nodes for the current kernel...
         Starting Create list of required st... nodes for the current kernel...
[   18.826195] systemd[1]: Starting Set console keymap...
         Starting Set console keymap...
[   18.876668] systemd[1]: Starting Nameserver information manager...
         Starting Nameserver information manager...
[   18.985016] systemd[1]: Starting Uncomplicated firewall...
         Starting Uncomplicated firewall...
[   18.994232] systemd[1]: Mounting Huge Pages File System...
         Mounting Huge Pages File System...
[   19.000065] systemd[1]: Created slice system-serial\x2dgetty.slice.
[[0;32m  OK  [0m] Created slice system-serial\x2dgetty.slice.
[   19.005493] systemd[1]: Listening on Syslog Socket.
[[0;32m  OK  [0m] Listening on Syslog Socket.
[   19.048478] systemd[1]: Mounting Debug File System...
         Mounting Debug File System...
[   19.057060] systemd[1]: Listening on LVM2 metadata daemon socket.
[[0;32m  OK  [0m] Listening on LVM2 metadata daemon socket.
[   19.132223] systemd[1]: Starting Monitoring of LVM2 mirrors, snapshots etc. using dmeventd or progress polling...
         Starting Monitoring of LVM2 mirrors... dmeventd or progress polling...
[   19.216472] systemd[1]: Starting Journal Service...
         Starting Journal Service...
[   19.267720] systemd[1]: Starting Load Kernel Modules...
         Starting Load Kernel Modules...
[   19.292345] systemd[1]: Created slice User and Session Slice.
[[0;32m  OK  [[   19.295222] Loading iSCSI transport class v2.0-870.
0m] Created slice User and Session Slice.
[   19.297729] systemd[1]: Reached target Slices.
[[0;32m  OK  [0m] Reached targ[   19.310784] iscsi: registered transport (tcp)
et Slices.
[   19.342835] systemd[1]: Listening on udev Kernel Socket.
[[0;32m  OK  [0m] Listening on udev Kernel Socket.
[   19.441379] systemd[1]: Mounted Debug File System.
[[0;32m  OK  [0m] Mounted Debug File System.
[   19.480541] systemd[1]: Mounted Huge Pages File System.
[[0;32m  OK  [0[   19.510586] iscsi: registered transport (iser)
m] Mounted Huge Pages File System.
[   19.530665] systemd[1]: Mounted POSIX Message Queue File System.
[[0;32m  OK  [0m] Mounted POSIX Message Queue File System.
[ 19.58520]systemd[1: Strted Journal Service.
[[0;32m  OK  [0m] Started Journal Service.
[[0;32m  OK  [0m] Started Remount Root and Kernel File Systems.
[[0;32m  OK  [0m] Started Create list of required sta...ce nodes for the current kernel.
[[0;32m  OK  [0m] Started Set console keymap.
[[0;32m  OK  [0m] Started Uncomplicated firewall.
[[0;32m  OK  [0m] Started Load Kernel Modules.
[[0;32m  OK  [0m] Started Nameserver information manager.
[[0;32m  OK  [0m] Started LVM2 metadata daemon.
         Starting Apply Kernel Variables...
         Mounting FUSE Control File System...
         Starting Create Static Device Nodes in /dev...
         Starting udev Coldplug all Devices...
         Starting Load/Save Random Seed...
         Starting Flush Journal to Persistent Storage...
[[0;32m  OK  [0m] Mounted FUSE Control File System.
[[0;32m  OK  [0m] Started Monitoring of LVM2 mirrors,...ng dmeventd or progress polling.
[[0;32m  OK  [0m] Started Apply Kernel Variables.
[[0;32m  OK  [0m] Started Create Static Device Nodes in /dev.
[[0;32m  OK  [0m] Started Load/Save Random Seed.
[[0;32m  OK  [0m] Started udev Coldplug all Devices.
[[0;32m  OK  [0m] Started Flush Journal to Persistent Storage.
         Starting udev Kernel Device Manager...
[[0;32m  OK  [0m] Reached target Local File Systems (Pre).
[[0;32m  OK  [0m] Reached target Local File Systems.
         Starting Set console font and keymap...
         Starting Create Volatile Files and Directories...
         Starting LSB: AppArmor initialization...
         Starting Initial cloud-init job (pre-networking)...
         Starting Commit a transient machine-id on disk...
         Starting Tell Plymouth To Write Out Runtime Data...
[[0;32m  OK  [0m] Started udev Kernel Device Manager.
[[0;32m  OK  [0m] Started Create Volatile Files and Directories.
[[0;32m  OK  [0m] Started Commit a transient machine-id on disk.
[[0;32m  OK  [0m] Started Tell Plymouth To Write Out Runtime Data.
         Starting Update UTMP about System Boot/Shutdown...
[[0;32m  OK  [0m] Started Dispatch Password Requests to Console Directory Watch.
[[0;32m  OK  [0m] Started Update UTMP about System Boot/Shutdown.
[[0;32m  OK  [0m] Found device /dev/ttyS0.
[[0;32m  OK  [0m] Listening on Load/Save RF Kill Switch Status /dev/rfkill Watch.
[[0;32m  OK  [0m] Started Set console font and keymap.
[   18.149437] cloud-init[[0;32m  OK  [0m] Started LSB: AppArmor initialization.
[475]: Cloud-init v. 19.2-36-g059d049c-0ubuntu2~16.04.1 running 'init-local' at Sun, 05 Jan 2020 22:14:11 +0000. Up 17.57 seconds.
[[0;32m  OK  [0m] Started Initial cloud-init job (pre-networking).
[[0;32m  OK  [0m] Reached target Network (Pre).
         Starting Raise network interfaces...
[[0;32m  OK  [0m] Created slice system-getty.slice.
[[0;32m  OK  [0m] Started Raise network interfaces.
         Starting Initial cloud-init job (metadata service crawler)...
[[0;32m  OK  [0m] Reached target Network.
[   20.202625] cloud-init[951]: Cloud-init v. 19.2-36-g059d049c-0ubuntu2~16.04.1 running 'init' at Sun, 05 Jan 2020 22:14:13 +0000. Up 19.41 seconds.
[   20.225353] cloud-init[951]: ci-info: ++++++++++++++++++++++++++++++++++++++Net device info+++++++++++++++++++++++++++++++++++++++
[   20.360860] cloud-init[951]: ci-info: +--------+-------+----------------------------+---------------+--------+-------------------+
[[0;32m  OK  [0m] Started Initial cloud-init job (metadata service crawler).
[[   20.490812] cloud-init[951]: ci-info: | Device |   Up  |          Address           |      Mask     | Scope  |     Hw-Address    |
[   20.521104] cloud-init[951]: ci-info: +--------+-------+----------------------------+---------------+--------+-------------------+
[0;32m  OK  [0m] Reached target Cloud-config availability.
[   20.521633] cloud-init[951]: ci-info: | enp0s3 |  True |         10.0.2.15          | 255.255.255.0 | global | 02:4f:25:6a:cc:77 |
[   20.597251] cloud-init[951]: ci-info: | enp0s3 |  True | fe80::4f:25ff:fe6a:cc77/64 |       .       |  link  | 02:4f:25:6a:cc:77 |
[   20.597876] cloud-init[951]: ci-info: | enp0s8 | False |             .              |       .       |   .    | 08:00:27:e6:19:62 |
[   20.598278] cloud-init[951]: ci-info: |   lo   |  True |         127.0.0.1          |   255.0.0.0   |  host  |         .         |
[   20.598604] cloud-init[951]: ci-info: |   lo   |  True |          ::1/128           |       .       |  host  |         .         |
[   20.599053] cloud-init[951]: ci-info: +--------+-------+----------------------------+---------------+--------+-------------------+
[   20.599355] cloud-init[951]: ci-info: +++++++++++++++++++++++++++Route IPv4 info++++++++++++++++++++++++++++
[   20.599822] cloud-init[951]: ci-info: +-------+-------------+----------+---------------+-----------+-------+
[   20.600483] cloud-init[951]: ci-info: | Route | Destination | Gateway  |    Genmask    | Interface | Flags |
[   20.600846] cloud-init[951]: ci-info: +-------+-------------+----------+---------------+-----------+-------+
[[0;32m  OK  [0m] Reached target Network is Online.
[   20.601234] cloud-init[951]: ci-info: |   0   |   0.0.0.0   | 10.0.2.2 |    0.0.0.0    |   enp0s3  |   UG  |
[   21.022537] cloud-init[951]: ci-info: |   1   |   10.0.2.0  | 0.0.0.0  | 255.255.255.0 |   enp0s3  |   U   |
[   21.023751] cloud-init[951]: ci-info: +-------+-------------+----------+---------------+-----------+-------+
[   21.024905] cloud-init[951]: ci-info: +++++++++++++++++++Route IPv6 info+++++++++++++++++++
[   21.025477] cloud-init[951]: ci-info: +-------+-------------+---------+-----------+-------+
[   21.025902] cloud-init[951]: ci-info: | Route | Destination | Gateway | Interface | Flags |
[   21.026316] cloud-init[951]: ci-info: +-------+-------------+---------+-----------+-------+
[   21.026814] cloud-init[951]: ci-info: |   0   |  fe80::/64  |    ::   |   enp0s3  |   U   |
         Starting iSCSI initiator daemon (iscsid)...
[   21.028048] cloud-init[951]: ci-info: |   3   |   ff00::/8  |    ::   |   enp0s3  |   U   |
[   21.076474] cloud-init[951]: ci-info: +-------+-------------+---------+-----------+-------+
[   21.076789] cloud-init[951]: Generating public/private rsa key pair.
[   21.077172] cloud-init[951]: Your identification has been saved in /etc/ssh/ssh_host_rsa_key.
[   21.077486] cloud-init[951]: Your public key has been saved in /etc/ssh/ssh_host_rsa_key.pub.
[   21.077833] cloud-init[951]: The key fingerprint is:
[   21.078218] cloud-init[951]: SHA256:Q9QtZp2dUbRXGB1HuZk8yM836cT5g3xT/RHih4ywUIE root@ubuntu-xenial
[   21.078506] cloud-init[951]: The key's randomart image is:
[   21.078855] cloud-init[951]: +---[RSA 2048]----+
[   21.079208] cloud-init[951]: |        oo.o oo@O|
[   21.079484] cloud-init[951]: |       E .= + +.=|
[   21.079782] cloud-init[951]: |        oo .. o.=|
[   21.081055] cloud-init[951]: |       o .   + B.|
[   21.081308] cloud-init[951]: |        S o + * *|
[   21.081606] cloud-init[951]: |         o . + @+|
[   21.081904] cloud-init[951]: |            . = B|
[   21.082229] cloud-init[951]: |             o =o|
[   21.082525] cloud-init[951]: |              . o|
[   21.082863] cloud-init[951]: +----[SHA256]-----+
[   21.083184] cloud-init[951]: Generating public/private dsa key pair.
[   21.083462] cloud-init[951]: Your identification has been saved in /etc/ssh/ssh_host_dsa_key.
[   21.083760] cloud-init[951]: Your public key has been saved in /etc/ssh/ssh_host_dsa_key.pub.
[   21.084337] cloud-init[951]: The key fingerprint is:
[   21.084514] cloud-init[951]: SHA256:qjWqvPMt635EUbs0SjV6XHJAeZeSL2x7VtbuCfEnMvE root@ubuntu-xenial
[   21.084765] cloud-init[951]: The key's randomart image is:
[   21.085186] cloud-init[951]: +---[DSA 1024]----+
[   21.085386] cloud-init[951]: |       oBoo. .   |
[   21.085592] cloud-init[951]: |      .+.*+ o    |
[   21.085801] cloud-init[951]: |      o.*o +   . |
[   21.086273] cloud-init[951]: |     ..+ o+ o.o .|
[   21.086463] cloud-init[951]: |     .. S. o =o. |
[   21.086677] cloud-init[951]: |      ..  . =.E.o|
[   21.087179] cloud-init[951]: |     .+    o o.oo|
[   21.087381] cloud-init[951]: | .. .=..       ..|
[   21.087595] cloud-init[951]: |  +BB+.          |
[   21.087829] cloud-init[951]: +----[SHA256]-----+
[   21.088149] cloud-init[951]: Generating public/private ecdsa key pair.
[   21.088300] cloud-init[951]: Your identification has been saved in /etc/ssh/ssh_host_ecdsa_key.
[   21.088510] cloud-init[951]: Your public key has been saved in /etc/ssh/ssh_host_ecdsa_key.pub.
[   21.088753] cloud-init[951]: The key fingerprint is:
[   21.088974] cloud-init[951]: SHA256:IRJ8d5TJTLRpZFY2OrW1494w2xxn59M24qobUWLmLrQ root@ubuntu-xenial
[   21.089174] cloud-init[951]: The key's randomart image is:
[   21.089383] cloud-init[951]: +---[ECDSA 256]---+
[   21.089599] cloud-init[951]: |   ..    *B+= .  |
[   21.090041] cloud-init[951]: |    ... .+** + . |
[   21.090245] cloud-init[951]: |    .....=*.. o  |
[   21.090463] cloud-init[951]: |     . .+oo. . . |
[   21.090930] cloud-init[951]: |       .So    +.+|
[   21.091111] cloud-init[951]: |      . o .  . X=|
[   21.091297] cloud-init[951]: |       E o   .ooB|
[   21.091486] cloud-init[951]: |        . . . ..o|
[   21.091678] cloud-init[951]: |         oo...   |
[   21.091899] cloud-init[951]: +----[SHA256]-----+
[   21.092117] cloud-init[951]: Generating public/private ed25519 key pair.
[   21.092266] cloud-init[951]: Your identification has been saved in /etc/ssh/ssh_host_ed25519_key.
[   21.092443] cloud-init[951]: Your public key has been saved in /etc/ssh/ssh_host_ed25519_key.pub.
[   21.092627] cloud-init[951]: The key fingerprint is:
[   21.092827] cloud-init[951]: SHA256:pCN3emwvchqKmo1zKVY/2MzVDE9HNYeA5QNVo9k6zZs root@ubuntu-xenial
[   21.093007] cloud-init[951]: The key's randomart image is:
[   21.093186] cloud-init[951]: +--[ED25519 256]--+
[   21.093369] cloud-init[951]: |         .+++=.. |
[   21.093552] cloud-init[951]: |         .o.+.+  |
[   21.094132] cloud-init[951]: |        . .= .   |
[   21.094241] cloud-init[951]: |       + . .=    |
[   21.094449] cloud-init[951]: |    . + S .o o   |
[   21.094701] cloud-init[951]: |   . o * +  . o  |
[[0;32m  OK  [0m] Reached target System Initialization.
[   21.094888] cloud-init[951]: |  ..* + +    E   |
[   21.353214] cloud-init[951]: |o=oo B.+o.       |
[   21.353698] cloud-init[951]: |==o . o+ ..      |
[   21.354096] cloud-init[951]: +----[SHA256]-----+
[[0;32m  OK  [0m] Listening on ACPID Listen Socket.
[[0;32m  OK  [0m] Listening on D-Bus System Message Bus Socket.
[[0;32m  OK  [0m] Started ACPI Events Check.
[[0;32m  OK  [0m] Reached target Paths.
[[0;32m  OK  [0m] Started Message of the Day.
         Starting Socket activation for snappy daemon.
[[0;32m  OK  [0m] Listening on UUID daemon activation socket.
[[0;32m  OK  [0m] Started Daily Cleanup of Temporary Directories.
         Starting LXD - unix socket.
[[0;32m  OK  [0m] Started Daily apt download activities.
[[0;32m  OK  [0m] Started Daily apt upgrade and clean activities.
[[0;32m  OK  [0m] Reached target Timers.
[[0;32m  OK  [0m] Listening on Socket activation for snappy daemon.
[[0;32m  OK  [0m] Listening on LXD - unix socket.
[[0;32m  OK  [0m] Started iSCSI initiator daemon (iscsid).
         Starting Login to default iSCSI targets...
[[0;32m  OK  [0m] Reached target Sockets.
[[0;32m  OK  [0m] Reached target Basic System.
         Starting System Logging Service...
         Starting LXD - container startup/shutdown...
         Starting LSB: MD monitoring daemon...
[[0;32m  OK  [0m] Started Deferred execution scheduler.
         Starting /etc/rc.local Compatibility...
         Starting LSB: Record successful boot for GRUB...
         Starting Login Service...
[[0;32m  OK  [0m] Started Regular background program processing daemon.
         Starting Pollinate to seed the pseudo random number generator...
         Starting Virtualbox guest utils...
         Starting Accounts Service...
[[0;32m  OK  [0m] Started D-Bus System Message Bus.
[[0;32m  OK  [0m] Started ACPI event daemon.
[[0;32m  OK  [0m] Started FUSE filesystem for LXC.
         Starting Snappy daemon...
[[0;32m  OK  [0m] Started System Logging Service.
[[0;32m  OK  [0m] Started /etc/rc.local Compatibility.
[[0;32m  OK  [0m] Started LXD - container startup/shutdown.
[[0;32m  OK  [0m] Started Login to default iSCSI targets.
[[0;32m  OK  [0m] Started LSB: MD monitoring daemon.
[[0;32m  OK  [0m] Started LSB: Record successful boot for GRUB.
[[0;32m  OK  [0m] Started Login Service.
[[0;32m  OK  [0m] Started Unattended Upgrades Shutdown.
         Starting Authenticate and Authorize Users to Run Privileged Tasks...
[[0;32m  OK  [0m] Reached target Remote File Systems (Pre).
[[0;32m  OK  [0m] Reached target Remote File Systems.
         Starting LSB: daemon to balance interrupts for SMP systems...
         Starting LSB: Set the CPU Frequency Scaling governor to "ondemand"...
         Starting LSB: automatic crash report generation...
         Starting Permit User Sessions...
[[0;32m  OK  [0m] Started Pollinate to seed the pseudo random number generator.
[[0;32m  OK  [0m] Started Virtualbox guest utils.
[[0;32m  OK  [0m] Started Permit User Sessions.
[[0;32m  OK  [0m] Started Snappy daemon.
[[0;32m  OK  [0m] Started Authenticate and Authorize Users to Run Privileged Tasks.
[[0;32m  OK  [0m] Started Accounts Service.
         Starting Wait until snapd is fully seeded...
         Starting Terminate Plymouth Boot Screen...
         Starting Hold until boot process finishes up...
         Starting OpenBSD Secure Shell server...
[[0;32m  OK  [0m] Started LSB: daemon to balance interrupts for SMP systems.
[[0;32m  OK  [0m] Started LSB: Set the CPU Frequency Scaling governor to "ondemand".
[[0;32m  OK  [0m] Started Terminate Plymouth Boot Screen.
[[0;32m  OK  [0m] Started Hold until boot process finishes up.
[[0;32m  OK  [0m] Started LSB: automatic crash report generation.
[[0;32m  OK  [0m] Started OpenBSD Secure Shell server.
[[0;32m  OK  [0m] Started Getty on tty1.
         Starting Set console scheme...
[[0;32m  OK  [0m] Started Serial Getty on ttyS0.
[[0;32m  OK  [0m] Reached target Login Prompts.
[[0;32m  OK  [0m] Started Set console scheme.
[[0;32m  OK  [0m] Created slice User Slice of vagrant.
         Starting User Manager for UID 1000...
[[0;32m  OK  [0m] Started Session 1 of user vagrant.
[[0;32m  OK  [0m] Started User Manager for UID 1000.
[[0;32m  OK  [0m] Started Wait until snapd is fully seeded.
[[0;32m  OK  [0m] Reached target Multi-User System.
[[0;32m  OK  [0m] Reached target Graphical Interface.
         Starting Update UTMP about System Runlevel Changes...
         Starting Apply the settings specified in cloud-config...
[[0;32m  OK  [0m] Started Update UTMP about System Runlevel Changes.
[   24.410387] cloud-init[1376]: Generating locales (this might take a while)...
[   25.883288] cloud-init[1376]:   en_US.UTF-8... done
[   25.885337] cloud-init[1376]: Generation complete.
[   26.362895] cloud-init[1376]: Cloud-init v. 19.2-36-g059d049c-0ubuntu2~16.04.1 running 'modules:config' at Sun, 05 Jan 2020 22:14:17 +0000. Up 24.15 seconds.
[[0;32m  OK  [0m] Started Apply the settings specified in cloud-config.
         Starting Execute cloud user/final scripts...
ci-info: no authorized ssh keys fingerprints found for user ubuntu.
<14>Jan  5 22:14:20 ec2: 
<14>Jan  5 22:14:20 ec2: #############################################################
<14>Jan  5 22:14:20 ec2: -----BEGIN SSH HOST KEY FINGERPRINTS-----
<14>Jan  5 22:14:20 ec2: 1024 SHA256:qjWqvPMt635EUbs0SjV6XHJAeZeSL2x7VtbuCfEnMvE root@ubuntu-xenial (DSA)
<14>Jan  5 22:14:20 ec2: 256 SHA256:IRJ8d5TJTLRpZFY2OrW1494w2xxn59M24qobUWLmLrQ root@ubuntu-xenial (ECDSA)
<14>Jan  5 22:14:20 ec2: 256 SHA256:pCN3emwvchqKmo1zKVY/2MzVDE9HNYeA5QNVo9k6zZs root@ubuntu-xenial (ED25519)
<14>Jan  5 22:14:20 ec2: 2048 SHA256:Q9QtZp2dUbRXGB1HuZk8yM836cT5g3xT/RHih4ywUIE root@ubuntu-xenial (RSA)
<14>Jan  5 22:14:20 ec2: -----END SSH HOST KEY FINGERPRINTS-----
<14>Jan  5 22:14:20 ec2: #############################################################
-----BEGIN SSH HOST KEY KEYS-----
ecdsa-sha2-nistp256 AAAAE2VjZHNhLXNoYTItbmlzdHAyNTYAAAAIbmlzdHAyNTYAAABBBAudMmlTXtkbX+OwuSD6uOSgBlB+8ToqafeANDsD0epNywkXJEcXSZWDYBqIt4D4SgeV0bvhEzpHHJUmcgCK3iQ= root@ubuntu-xenial
ssh-ed25519 AAAAC3NzaC1lZDI1NTE5AAAAIHzS21CARtqnoLsgs+aaCPW5f7yTZXvendsKO0Ld5z0D root@ubuntu-xenial
ssh-rsa AAAAB3NzaC1yc2EAAAADAQABAAABAQDn25JF+DG/ckq/5hTKzxqLm3LIasXG8EeBI0GOdbrEOJbhAIExRvYIrl9BcNSvvNrL71zkUABhC0M1JKBUsmqh8KQ1ShkCi0brEYegDD/ElVRuVEGhKpj2arEuGqtDR2xxs8fAO/4ckAMAWjTv8+dOgd/abYSM368Cu3h7ALP2CUdgdsd+0gutRsVLOnV8VyFV4g/5grR9qUi8Io4h3ExJWAl5VWD6C88ESZbN38ihP7zs++hAPfDVjPmhbeEA328DipIuuOfO/v5nH56hCu+5khPVQV00UDzQc1IbR8gcPF6Wuv8ZDV3Cy+GfJ4FsAafdsbr91jC8u0EZPziayKuN root@ubuntu-xenial
-----END SSH HOST KEY KEYS-----
[   26.923300] cloud-init[1543]: Cloud-init v. 19.2-36-g059d049c-0ubuntu2~16.04.1 running 'modules:final' at Sun, 05 Jan 2020 22:14:20 +0000. Up 26.72 seconds.
[   26.958468] cloud-init[1543]: ci-info: no authorized ssh keys fingerprints found for user ubuntu.
[   26.961200] cloud-init[1543]: Cloud-init v. 19.2-36-g059d049c-0ubuntu2~16.04.1 finished at Sun, 05 Jan 2020 22:14:20 +0000. Datasource DataSourceNoCloud [seed=/dev/sdb][dsmode=net].  Up 26.91 seconds
[[0;32m  OK  [0m] Started Execute cloud user/final scripts.
[[0;32m  OK  [0m] Reached target Cloud-init target.

Ubuntu 16.04.6 LTS ubuntu-xenial ttyS0

ubuntu-xenial login: 